<?xml version="1.0" encoding="UTF-8"?>
<!-- Generated by org.testng.reporters.JUnitReportReporter -->
<testsuite hostname="AHAMAD" failures="0" tests="2" name="testNG.AnnotationHierachyExample" time="0.010" errors="0" timestamp="2022-12-20T00:38:51 IST" skipped="0">
  <testcase classname="testNG.AnnotationHierachyExample" name="test1" time="0.008"/>
  <system-out/>
  <testcase classname="testNG.AnnotationHierachyExample" name="test2" time="0.002"/>
  <system-out/>
</testsuite> <!-- testNG.AnnotationHierachyExample -->
