<?xml version="1.0" encoding="UTF-8"?>
<!-- Generated by org.testng.reporters.JUnitReportReporter -->
<testsuite hostname="AHAMAD" failures="0" tests="1" name="testNG.AssertionExample" time="0.012" errors="0" timestamp="2022-12-20T00:13:00 IST" skipped="0">
  <testcase classname="testNG.AssertionExample" name="checkName" time="0.012"/>
  <system-out/>
</testsuite> <!-- testNG.AssertionExample -->
