<?xml version="1.0" encoding="UTF-8"?>
<!-- Generated by org.testng.reporters.JUnitReportReporter -->
<testsuite hostname="AHAMAD" failures="0" tests="3" name="testNG.SuiteExample" time="12.576" errors="0" timestamp="2022-12-19T14:51:15 IST" skipped="0">
  <testcase classname="testNG.SuiteExample" name="openGoogle" time="4.147"/>
  <system-out/>
  <testcase classname="testNG.SuiteExample" name="openYahoo" time="6.795"/>
  <system-out/>
  <testcase classname="testNG.SuiteExample" name="openBing" time="1.634"/>
  <system-out/>
</testsuite> <!-- testNG.SuiteExample -->
