<?xml version="1.0" encoding="UTF-8"?>
<!-- Generated by org.testng.reporters.JUnitReportReporter -->
<testsuite hostname="AHAMAD" failures="0" tests="5" name="testNG.DriveACar" time="0.004" errors="0" timestamp="2022-12-19T15:20:59 IST" skipped="0">
  <testcase classname="testNG.DriveACar" name="startTheCar" time="0.002"/>
  <system-out/>
  <testcase classname="testNG.DriveACar" name="putFirstGear" time="0.000"/>
  <system-out/>
  <testcase classname="testNG.DriveACar" name="putSecondGear" time="0.000"/>
  <system-out/>
  <testcase classname="testNG.DriveACar" name="putThirdGear" time="0.002"/>
  <system-out/>
  <testcase classname="testNG.DriveACar" name="putFourthGear" time="0.000"/>
  <system-out/>
</testsuite> <!-- testNG.DriveACar -->
