<?xml version="1.0" encoding="UTF-8"?>
<!-- Generated by org.testng.reporters.JUnitReportReporter -->
<testsuite hostname="AHAMAD" failures="0" tests="2" name="testNG.ParallelTesting" time="8.479" errors="0" timestamp="2022-12-20T00:23:01 IST" skipped="0">
  <testcase classname="testNG.ParallelTesting" name="openGoogle" time="5.222"/>
  <system-out/>
  <testcase classname="testNG.ParallelTesting" name="openBing" time="3.257"/>
  <system-out/>
</testsuite> <!-- testNG.ParallelTesting -->
