<?xml version="1.0" encoding="UTF-8"?>
<!-- Generated by org.testng.reporters.JUnitReportReporter -->
<testsuite hostname="AHAMAD" failures="0" tests="1" name="testNG.ListenersExecute" time="0.005" errors="0" timestamp="2023-01-01T23:15:12 IST" skipped="0">
  <testcase classname="testNG.ListenersExecute" name="firstTestCase" time="0.005"/>
  <system-out/>
</testsuite> <!-- testNG.ListenersExecute -->
