<?xml version="1.0" encoding="UTF-8"?>
<!-- Generated by org.testng.reporters.JUnitReportReporter -->
<testsuite hostname="AHAMAD" failures="0" tests="1" name="testNG.ParameterizationExample" time="0.009" errors="0" timestamp="2022-12-19T20:22:44 IST" skipped="0">
  <testcase classname="testNG.ParameterizationExample" name="printName" time="0.009"/>
  <system-out/>
</testsuite> <!-- testNG.ParameterizationExample -->
