<?xml version="1.0" encoding="UTF-8"?>
<!-- Generated by org.testng.reporters.JUnitReportReporter -->
<testsuite hostname="AHAMAD" failures="0" tests="4" name="testNG.GroupingExample" time="0.013" errors="0" timestamp="2022-12-19T20:03:14 IST" skipped="0">
  <testcase classname="testNG.GroupingExample" name="moto2" time="0.001"/>
  <system-out/>
  <testcase classname="testNG.GroupingExample" name="vivo1" time="0.001"/>
  <system-out/>
  <testcase classname="testNG.GroupingExample" name="moto1" time="0.010"/>
  <system-out/>
  <testcase classname="testNG.GroupingExample" name="vivo2" time="0.001"/>
  <system-out/>
</testsuite> <!-- testNG.GroupingExample -->
