<?xml version="1.0" encoding="UTF-8"?>
<!-- Generated by org.testng.reporters.JUnitReportReporter -->
<testsuite hostname="AHAMAD" failures="0" tests="3" name="testNG.DependanciesManagement" time="0.012" errors="0" timestamp="2022-12-19T15:20:58 IST" skipped="0">
  <testcase classname="testNG.DependanciesManagement" name="higherSecondary" time="0.001"/>
  <system-out/>
  <testcase classname="testNG.DependanciesManagement" name="highSchool" time="0.009"/>
  <system-out/>
  <testcase classname="testNG.DependanciesManagement" name="engineering" time="0.002"/>
  <system-out/>
</testsuite> <!-- testNG.DependanciesManagement -->
